This file contains any messages produced by compilers while
running configure, to aid debugging if configure makes a mistake.
It was created by configure, which was
generated by GNU Autoconf 2.59.  Invocation command line was
  $ ./configure 
## --------- ##
## Platform. ##
## --------- ##
hostname = S01060080c8f879e3
uname -m = i386
uname -r = 2
uname -s = OS/2
uname -v = 2.45
/usr/bin/uname -p = unknown
/bin/uname -X     = unknown
/bin/arch              = unknown
/usr/bin/arch -k       = unknown
/usr/convex/getsysinfo = unknown
hostinfo               = unknown
/bin/machine           = unknown
/usr/bin/oslevel       = unknown
/bin/universe          = unknown
PATH: m:\usr\bin
PATH: m:\usr\local\bin
PATH: K:\gcc335b4\usr\i386-pc-os2-emx\bin
PATH: K:\gcc335b4\usr\bin
PATH: H:\OS2\APPS\bin
PATH: .
PATH: H:\IBMLAN\NETPROG
PATH: H:\MPTN\BIN
PATH: H:\IBMCOM
PATH: H:\os2tk45\som\common
PATH: H:\os2tk45\som\bin
PATH: H:\os2tk45\bin
PATH: H:\VQ2\PATH
PATH: H:\MUGLIB
PATH: H:\NETSCAPE\PROGRAM
PATH: H:\IBMGSK50\BIN
PATH: H:\IBMGSK40\BIN
PATH: H:\IBMGSK\BIN
PATH: H:\TCPIP\BIN
PATH: H:\OS2
PATH: H:\OS2\SYSTEM
PATH: H:\OS2\MDOS\WINOS2
PATH: H:\OS2\INSTALL
PATH: H:\
PATH: H:\OS2\MDOS
PATH: H:\OS2\APPS
PATH: H:\JAVA11\BIN
PATH: H:\JAVA11\ICATJAVA\BIN
PATH: H:\MMOS2
PATH: H:\IBMINST
PATH: H:\EMX\BIN
PATH: H:\GPFREXX\BIN
PATH: H:\SQLLIB\BIN
PATH: H:\SQLLIB\ALT
PATH: H:\NETQOS2
PATH: D:\PROCVS\CVS\BIN
PATH: H:\CDWFS
PATH: M:\XDS\BIN
PATH: h:\ae
PATH: H:\IBMCOBOL\BIN
PATH: H:\IBMCOBOL\HELP
PATH: m:\usr\bin
PATH: M:\Toolkit\Beta\Bin
PATH: H:\watcom\binp
PATH: H:\watcom\binw
PATH: H:\Office51
PATH: k:\perl\bin
PATH: h:\VYPER
PATH: H:\NDFS
PATH: H:\NDFS

## ----------- ##
## Core tests. ##
## ----------- ##
configure:1277: creating cache /dev/null
configure:1429: checking for a BSD-compatible install
configure:1483: result: config/install-sh -c
configure:1490: checking whether build environment is sane
configure:1531: result: yes
configure:1561: checking for gawk
configure:1586: result: awk.exe
configure:1594: checking whether make sets $(MAKE)
configure:1614: result: yes
configure:1830: checking build system type
configure:1847: result: i386-pc-os2-emx
configure:1854: checking host system type
configure:1867: result: i386-pc-os2-emx
configure:1884: checking for style of include used by make
configure:1911: result: GNU
configure:1976: checking for gcc
configure:2001: result: gcc.exe
configure:2228: checking for C compiler version
configure:2231: gcc.exe --version </dev/null >&5
gcc.exe (GCC) 3.3.5 (Innotek Build 2005-01-17 06:42)
Copyright (C) 2003 Free Software Foundation, Inc.
This is free software; see the source for copying conditions.  There is NO
warranty; not even for MERCHANTABILITY or FITNESS FOR A PARTICULAR PURPOSE.

configure:2234: $? = 0
configure:2236: gcc.exe -v </dev/null >&5
Reading specs from K:/gcc335b4/usr/lib/gcc-lib/i386-pc-os2-emx/3.3.5/specs
Configured with: G:/GCCOS2/TREE/src/gcc/configure --enable-clh --enable-threads=os2 --enable-shared=libgcc,bfd,opcodes --enable-nls --without-included-gettext --with-local-prefix=G:/GCCOS2/TREE/TOOLS/x86.os2/gcc/staged --prefix=/gcc --with-gnu-as --disable-libgcj --enable-languages=c,c++
Thread model: os2
gcc version 3.3.5 (Innotek Build 2005-01-17 06:42)
configure:2239: $? = 0
configure:2241: gcc.exe -V </dev/null >&5
gcc.exe: `-V' must come at the start of the command line
configure:2244: $? = 1
configure:2264: checking for C compiler default output file name
configure:2267: gcc.exe    conftest.c  >&5
configure:2270: $? = 0
configure:2313: result: conftest.exe
configure:2317: checking whether the C compiler works
configure:2323: ./conftest.exe
configure:2326: $? = 0
configure:2343: result: yes
configure:2349: checking whether we are cross compiling
configure:2351: result: no
configure:2353: checking for suffix of executables
configure:2355: gcc.exe -o conftest.exe    conftest.c  >&5
configure:2358: $? = 0
configure:2382: result: .exe
configure:2387: checking for suffix of object files
configure:2406: gcc.exe -c   conftest.c >&5
configure:2409: $? = 0
configure:2429: result: o
configure:2433: checking whether we are using the GNU C compiler
configure:2455: gcc.exe -c   conftest.c >&5
configure:2461: $? = 0
configure:2464: test -z 			 || test ! -s conftest.err
configure:2467: $? = 0
configure:2470: test -s conftest.o
configure:2473: $? = 0
configure:2484: result: yes
configure:2490: checking whether gcc.exe accepts -g
configure:2509: gcc.exe -c -g  conftest.c >&5
configure:2515: $? = 0
configure:2518: test -z 			 || test ! -s conftest.err
configure:2521: $? = 0
configure:2524: test -s conftest.o
configure:2527: $? = 0
configure:2537: result: yes
configure:2554: checking for gcc.exe option to accept ANSI C
configure:2622: gcc.exe  -c -g -O2  conftest.c >&5
configure:2628: $? = 0
configure:2631: test -z 			 || test ! -s conftest.err
configure:2634: $? = 0
configure:2637: test -s conftest.o
configure:2640: $? = 0
configure:2655: result: none needed
configure:2672: gcc.exe -c -g -O2  conftest.c >&5
conftest.c:2: error: parse error before "me"
configure:2678: $? = 1
configure: failed program was:
| #ifndef __cplusplus
|   choke me
| #endif
configure:2804: checking dependency style of gcc.exe
configure:2883: result: none
configure:2898: checking for a sed that does not truncate output
configure:2951: result: sed.exe
configure:2953: checking for egrep
configure:2963: result: grep -E
configure:2978: checking for ld used by gcc.exe
configure:3044: result: K:/gcc335b4/usr/i386-pc-os2-emx/bin/ld.exe
configure:3053: checking if the linker (K:/gcc335b4/usr/i386-pc-os2-emx/bin/ld.exe) is GNU ld
configure:3068: result: no
configure:3072: checking for K:/gcc335b4/usr/i386-pc-os2-emx/bin/ld.exe option to reload object files
configure:3079: result: -r
configure:3087: checking for BSD-compatible nm
configure:3129: result: K:\gcc335b4\usr\i386-pc-os2-emx\bin/nm -B
configure:3132: checking whether ln -s works
configure:3139: result: no, using cp -p
configure:3142: checking how to recognise dependent libraries
configure:3295: result: unknown
configure:3493: checking how to run the C preprocessor
configure:3528: gcc.exe -E  conftest.c
configure:3534: $? = 0
configure:3564: gcc.exe -E  conftest.c
conftest.c:11:28: ac_nonexistent.h: No such file or directory
configure:3570: $? = 1
configure: failed program was:
| /* confdefs.h.  */
| 
| #define PACKAGE_NAME ""
| #define PACKAGE_TARNAME ""
| #define PACKAGE_VERSION ""
| #define PACKAGE_STRING ""
| #define PACKAGE_BUGREPORT ""
| #define PACKAGE "swish-e"
| #define VERSION "2.4.3"
| /* end confdefs.h.  */
| #include <ac_nonexistent.h>
configure:3605: result: gcc.exe -E
configure:3629: gcc.exe -E  conftest.c
configure:3635: $? = 0
configure:3665: gcc.exe -E  conftest.c
conftest.c:11:28: ac_nonexistent.h: No such file or directory
configure:3671: $? = 1
configure: failed program was:
| /* confdefs.h.  */
| 
| #define PACKAGE_NAME ""
| #define PACKAGE_TARNAME ""
| #define PACKAGE_VERSION ""
| #define PACKAGE_STRING ""
| #define PACKAGE_BUGREPORT ""
| #define PACKAGE "swish-e"
| #define VERSION "2.4.3"
| /* end confdefs.h.  */
| #include <ac_nonexistent.h>
configure:3711: checking for ANSI C header files
configure:3734: gcc.exe -c -g -O2  conftest.c >&5
configure:3740: $? = 0
configure:3743: test -z 			 || test ! -s conftest.err
configure:3746: $? = 0
configure:3749: test -s conftest.o
configure:3752: $? = 0
configure:3829: gcc.exe -o conftest.exe -g -O2   conftest.c  >&5
configure:3832: $? = 0
configure:3834: ./conftest.exe
configure:3837: $? = 0
configure:3851: result: yes
configure:3871: checking for sys/types.h
configure:3886: gcc.exe -c -g -O2  conftest.c >&5
configure:3892: $? = 0
configure:3895: test -z 			 || test ! -s conftest.err
configure:3898: $? = 0
configure:3901: test -s conftest.o
configure:3904: $? = 0
configure:3914: result: yes
configure:3871: checking for sys/stat.h
configure:3886: gcc.exe -c -g -O2  conftest.c >&5
configure:3892: $? = 0
configure:3895: test -z 			 || test ! -s conftest.err
configure:3898: $? = 0
configure:3901: test -s conftest.o
configure:3904: $? = 0
configure:3914: result: yes
configure:3871: checking for stdlib.h
configure:3886: gcc.exe -c -g -O2  conftest.c >&5
configure:3892: $? = 0
configure:3895: test -z 			 || test ! -s conftest.err
configure:3898: $? = 0
configure:3901: test -s conftest.o
configure:3904: $? = 0
configure:3914: result: yes
configure:3871: checking for string.h
configure:3886: gcc.exe -c -g -O2  conftest.c >&5
configure:3892: $? = 0
configure:3895: test -z 			 || test ! -s conftest.err
configure:3898: $? = 0
configure:3901: test -s conftest.o
configure:3904: $? = 0
configure:3914: result: yes
configure:3871: checking for memory.h
configure:3886: gcc.exe -c -g -O2  conftest.c >&5
configure:3892: $? = 0
configure:3895: test -z 			 || test ! -s conftest.err
configure:3898: $? = 0
configure:3901: test -s conftest.o
configure:3904: $? = 0
configure:3914: result: yes
configure:3871: checking for strings.h
configure:3886: gcc.exe -c -g -O2  conftest.c >&5
configure:3892: $? = 0
configure:3895: test -z 			 || test ! -s conftest.err
configure:3898: $? = 0
configure:3901: test -s conftest.o
configure:3904: $? = 0
configure:3914: result: yes
configure:3871: checking for inttypes.h
configure:3886: gcc.exe -c -g -O2  conftest.c >&5
configure:3892: $? = 0
configure:3895: test -z 			 || test ! -s conftest.err
configure:3898: $? = 0
configure:3901: test -s conftest.o
configure:3904: $? = 0
configure:3914: result: yes
configure:3871: checking for stdint.h
configure:3886: gcc.exe -c -g -O2  conftest.c >&5
configure:3892: $? = 0
configure:3895: test -z 			 || test ! -s conftest.err
configure:3898: $? = 0
configure:3901: test -s conftest.o
configure:3904: $? = 0
configure:3914: result: yes
configure:3871: checking for unistd.h
configure:3886: gcc.exe -c -g -O2  conftest.c >&5
configure:3892: $? = 0
configure:3895: test -z 			 || test ! -s conftest.err
configure:3898: $? = 0
configure:3901: test -s conftest.o
configure:3904: $? = 0
configure:3914: result: yes
configure:3937: checking dlfcn.h usability
configure:3949: gcc.exe -c -g -O2  conftest.c >&5
configure:3955: $? = 0
configure:3958: test -z 			 || test ! -s conftest.err
configure:3961: $? = 0
configure:3964: test -s conftest.o
configure:3967: $? = 0
configure:3976: result: yes
configure:3979: checking dlfcn.h presence
configure:3989: gcc.exe -E  conftest.c
configure:3995: $? = 0
configure:4014: result: yes
configure:4048: checking for dlfcn.h
configure:4055: result: yes
configure:4114: checking for g++
configure:4142: result: no
configure:4114: checking for c++
configure:4142: result: no
configure:4114: checking for gpp
configure:4142: result: no
configure:4114: checking for aCC
configure:4142: result: no
configure:4114: checking for CC
configure:4142: result: no
configure:4114: checking for cxx
configure:4142: result: no
configure:4114: checking for cc++
configure:4142: result: no
configure:4114: checking for cl
configure:4142: result: no
configure:4114: checking for FCC
configure:4142: result: no
configure:4114: checking for KCC
configure:4142: result: no
configure:4114: checking for RCC
configure:4142: result: no
configure:4114: checking for xlC_r
configure:4142: result: no
configure:4114: checking for xlC
configure:4142: result: no
configure:4152: checking for C++ compiler version
configure:4155: g++ --version </dev/null >&5
g++ (GCC) 3.3.5 (Innotek Build 2005-01-17 06:42)
Copyright (C) 2003 Free Software Foundation, Inc.
This is free software; see the source for copying conditions.  There is NO
warranty; not even for MERCHANTABILITY or FITNESS FOR A PARTICULAR PURPOSE.

configure:4158: $? = 0
configure:4160: g++ -v </dev/null >&5
Reading specs from K:/gcc335b4/usr/lib/gcc-lib/i386-pc-os2-emx/3.3.5/specs
Configured with: G:/GCCOS2/TREE/src/gcc/configure --enable-clh --enable-threads=os2 --enable-shared=libgcc,bfd,opcodes --enable-nls --without-included-gettext --with-local-prefix=G:/GCCOS2/TREE/TOOLS/x86.os2/gcc/staged --prefix=/gcc --with-gnu-as --disable-libgcj --enable-languages=c,c++
Thread model: os2
gcc version 3.3.5 (Innotek Build 2005-01-17 06:42)
g++: no input files, try "g++ --help"
configure:4163: $? = 1
configure:4165: g++ -V </dev/null >&5
g++: argument to `-V' missing

configure:4168: $? = 1
configure:4170: checking whether we are using the GNU C++ compiler
configure:4192: g++ -c   conftest.cc >&5
configure:4198: $? = 0
configure:4201: test -z 			 || test ! -s conftest.err
configure:4204: $? = 0
configure:4207: test -s conftest.o
configure:4210: $? = 0
configure:4221: result: yes
configure:4227: checking whether g++ accepts -g
configure:4246: g++ -c -g  conftest.cc >&5
configure:4252: $? = 0
configure:4255: test -z 			 || test ! -s conftest.err
configure:4258: $? = 0
configure:4261: test -s conftest.o
configure:4264: $? = 0
configure:4274: result: yes
configure:4316: g++ -c -g -O2  conftest.cc >&5
configure:4322: $? = 0
configure:4325: test -z 			 || test ! -s conftest.err
configure:4328: $? = 0
configure:4331: test -s conftest.o
configure:4334: $? = 0
configure:4359: g++ -c -g -O2  conftest.cc >&5
conftest.cc: In function `int main()':
conftest.cc:26: error: `exit' undeclared (first use this function)
conftest.cc:26: error: (Each undeclared identifier is reported only once for 
   each function it appears in.)
configure:4365: $? = 1
configure: failed program was:
| /* confdefs.h.  */
| 
| #define PACKAGE_NAME ""
| #define PACKAGE_TARNAME ""
| #define PACKAGE_VERSION ""
| #define PACKAGE_STRING ""
| #define PACKAGE_BUGREPORT ""
| #define PACKAGE "swish-e"
| #define VERSION "2.4.3"
| #define STDC_HEADERS 1
| #define HAVE_SYS_TYPES_H 1
| #define HAVE_SYS_STAT_H 1
| #define HAVE_STDLIB_H 1
| #define HAVE_STRING_H 1
| #define HAVE_MEMORY_H 1
| #define HAVE_STRINGS_H 1
| #define HAVE_INTTYPES_H 1
| #define HAVE_STDINT_H 1
| #define HAVE_UNISTD_H 1
| #define HAVE_DLFCN_H 1
| /* end confdefs.h.  */
| 
| int
| main ()
| {
| exit (42);
|   ;
|   return 0;
| }
configure:4316: g++ -c -g -O2  conftest.cc >&5
configure:4322: $? = 0
configure:4325: test -z 			 || test ! -s conftest.err
configure:4328: $? = 0
configure:4331: test -s conftest.o
configure:4334: $? = 0
configure:4359: g++ -c -g -O2  conftest.cc >&5
configure:4365: $? = 0
configure:4368: test -z 			 || test ! -s conftest.err
configure:4371: $? = 0
configure:4374: test -s conftest.o
configure:4377: $? = 0
configure:4398: checking dependency style of g++
configure:4477: result: hp
configure:4497: checking how to run the C++ preprocessor
configure:4528: g++ -E  conftest.cc
configure:4534: $? = 0
configure:4564: g++ -E  conftest.cc
conftest.cc:25:28: ac_nonexistent.h: No such file or directory
configure:4570: $? = 1
configure: failed program was:
| /* confdefs.h.  */
| 
| #define PACKAGE_NAME ""
| #define PACKAGE_TARNAME ""
| #define PACKAGE_VERSION ""
| #define PACKAGE_STRING ""
| #define PACKAGE_BUGREPORT ""
| #define PACKAGE "swish-e"
| #define VERSION "2.4.3"
| #define STDC_HEADERS 1
| #define HAVE_SYS_TYPES_H 1
| #define HAVE_SYS_STAT_H 1
| #define HAVE_STDLIB_H 1
| #define HAVE_STRING_H 1
| #define HAVE_MEMORY_H 1
| #define HAVE_STRINGS_H 1
| #define HAVE_INTTYPES_H 1
| #define HAVE_STDINT_H 1
| #define HAVE_UNISTD_H 1
| #define HAVE_DLFCN_H 1
| #ifdef __cplusplus
| extern "C" void std::exit (int) throw (); using std::exit;
| #endif
| /* end confdefs.h.  */
| #include <ac_nonexistent.h>
configure:4605: result: g++ -E
configure:4629: g++ -E  conftest.cc
configure:4635: $? = 0
configure:4665: g++ -E  conftest.cc
conftest.cc:25:28: ac_nonexistent.h: No such file or directory
configure:4671: $? = 1
configure: failed program was:
| /* confdefs.h.  */
| 
| #define PACKAGE_NAME ""
| #define PACKAGE_TARNAME ""
| #define PACKAGE_VERSION ""
| #define PACKAGE_STRING ""
| #define PACKAGE_BUGREPORT ""
| #define PACKAGE "swish-e"
| #define VERSION "2.4.3"
| #define STDC_HEADERS 1
| #define HAVE_SYS_TYPES_H 1
| #define HAVE_SYS_STAT_H 1
| #define HAVE_STDLIB_H 1
| #define HAVE_STRING_H 1
| #define HAVE_MEMORY_H 1
| #define HAVE_STRINGS_H 1
| #define HAVE_INTTYPES_H 1
| #define HAVE_STDINT_H 1
| #define HAVE_UNISTD_H 1
| #define HAVE_DLFCN_H 1
| #ifdef __cplusplus
| extern "C" void std::exit (int) throw (); using std::exit;
| #endif
| /* end confdefs.h.  */
| #include <ac_nonexistent.h>
configure:4760: checking for g77
configure:4788: result: no
configure:4760: checking for f77
configure:4788: result: no
configure:4760: checking for xlf
configure:4788: result: no
configure:4760: checking for frt
configure:4788: result: no
configure:4760: checking for pgf77
configure:4788: result: no
configure:4760: checking for fort77
configure:4788: result: no
configure:4760: checking for fl32
configure:4788: result: no
configure:4760: checking for af77
configure:4788: result: no
configure:4760: checking for f90
configure:4788: result: no
configure:4760: checking for xlf90
configure:4788: result: no
configure:4760: checking for pgf90
configure:4788: result: no
configure:4760: checking for epcf90
configure:4788: result: no
configure:4760: checking for f95
configure:4788: result: no
configure:4760: checking for fort
configure:4788: result: no
configure:4760: checking for xlf95
configure:4788: result: no
configure:4760: checking for ifc
configure:4788: result: no
configure:4760: checking for efc
configure:4788: result: no
configure:4760: checking for pgf95
configure:4788: result: no
configure:4760: checking for lf95
configure:4788: result: no
configure:4760: checking for gfortran
configure:4788: result: no
configure:5202: checking for Fortran 77 compiler version
configure:4800:  --version </dev/null >&5
./configure: --version: command not found
configure:4803: $? = 127
configure:4805:  -v </dev/null >&5
./configure: -v: command not found
configure:4808: $? = 127
configure:4810:  -V </dev/null >&5
./configure: -V: command not found
configure:4813: $? = 127
configure:4820: checking whether we are using the GNU Fortran 77 compiler
configure:4833:  -c  conftest.F >&5
./configure: -c: command not found
configure:4839: $? = 127
configure: failed program was:
|       program main
| #ifndef __GNUC__
|        choke me
| #endif
|       end
configure:4862: result: no
configure:4868: checking whether  accepts -g
configure:4879:  -c -g conftest.f >&5
./configure: -c: command not found
configure:4885: $? = 127
configure: failed program was:
|       program main
|       end
configure:4907: result: no
configure:4934: checking the maximum length of command line arguments
configure:4992: result: 
configure:5002: checking command to parse K:\gcc335b4\usr\i386-pc-os2-emx\bin/nm -B output from gcc.exe object
configure:5077: gcc.exe -c -g -O2  conftest.c >&5
configure:5080: $? = 0
configure:5084: K:\gcc335b4\usr\i386-pc-os2-emx\bin/nm -B conftest.o \| sed -n -e 's/^.*[ 	]\([ABCDGIRSTW][ABCDGIRSTW]*\)[ 	][ 	]*\(\)\([_A-Za-z][_A-Za-z0-9]*\)$/\1 \2\3 \3/p' \> conftest.nm
./configure: K:gcc335b4usri386-pc-os2-emxbin/nm: No such file or directory
configure:5087: $? = 0
cannot run sed -n -e 's/^.*[ 	]\([ABCDGIRSTW][ABCDGIRSTW]*\)[ 	][ 	]*\(\)\([_A-Za-z][_A-Za-z0-9]*\)$/\1 \2\3 \3/p'
configure:5077: gcc.exe -c -g -O2  conftest.c >&5
configure:5080: $? = 0
configure:5084: K:\gcc335b4\usr\i386-pc-os2-emx\bin/nm -B conftest.o \| sed -n -e 's/^.*[ 	]\([ABCDGIRSTW][ABCDGIRSTW]*\)[ 	][ 	]*\(_\)\([_A-Za-z][_A-Za-z0-9]*\)$/\1 \2\3 \3/p' \> conftest.nm
./configure: K:gcc335b4usri386-pc-os2-emxbin/nm: No such file or directory
configure:5087: $? = 0
cannot run sed -n -e 's/^.*[ 	]\([ABCDGIRSTW][ABCDGIRSTW]*\)[ 	][ 	]*\(_\)\([_A-Za-z][_A-Za-z0-9]*\)$/\1 \2\3 \3/p'
configure:5169: result: failed
configure:5175: checking for objdir
configure:5190: result: .libs
configure:5269: checking for ar
configure:5295: result: false
configure:5344: checking for ranlib
configure:5370: result: :
configure:5419: checking for strip
configure:5445: result: :
configure:5679: checking if gcc.exe static flag  works
configure:5701: result: yes
configure:5715: checking if gcc.exe supports -fno-rtti -fno-exceptions
configure:6234: gcc.exe -c -g -O2  -fno-rtti -fno-exceptions conftest.c >&5
cc1.exe: warning: "-fno-rtti" is valid for C++ but not for C/ObjC
configure:6238: $? = 0
configure:5747: result: no
configure:5758: checking for gcc.exe option to produce PIC
configure:5911: result: -DDLL_EXPORT
configure:5917: checking if gcc.exe PIC flag -DDLL_EXPORT works
configure:6467: gcc.exe -c -g -O2  -DDLL_EXPORT -DPIC conftest.c >&5
configure:6471: $? = 0
configure:5949: result: yes
configure:5970: checking if gcc.exe supports -c -o file.o
configure:6527: gcc.exe -c -g -O2  -o out/conftest2.o conftest.c >&5
configure:6531: $? = 0
configure:6013: result: yes
configure:6037: checking whether the gcc.exe linker (K:/gcc335b4/usr/i386-pc-os2-emx/bin/ld.exe) supports shared libraries
configure:6814: result: yes
configure:6880: checking dynamic linker characteristics
configure:7394: result: OS/2 ld.exe
configure:7397: checking how to hardcode library paths into programs
configure:7421: result: immediate
configure:7433: checking whether stripping libraries is possible
configure:7454: result: no
configure:8196: checking if libtool supports shared libraries
configure:8198: result: yes
configure:8200: checking whether to build shared libraries
configure:8256: result: yes
configure:8258: checking whether to build static libraries
configure:8262: result: yes
configure:8350: creating libtool
configure:8771: checking for ld used by g++
configure:8837: result: K:/gcc335b4/usr/i386-pc-os2-emx/bin/ld.exe
configure:8846: checking if the linker (K:/gcc335b4/usr/i386-pc-os2-emx/bin/ld.exe) is GNU ld
configure:8861: result: no
configure:8904: checking whether the g++ linker (K:/gcc335b4/usr/i386-pc-os2-emx/bin/ld.exe) supports shared libraries
configure:9676: result: no
configure:9691: g++ -c -g -O2  conftest.cc >&5
configure:9694: $? = 0
configure:9776: checking for g++ option to produce PIC
configure:10025: result: -DDLL_EXPORT
configure:10031: checking if g++ PIC flag -DDLL_EXPORT works
configure:10990: g++ -c -g -O2  -DDLL_EXPORT -DPIC conftest.cc >&5
configure:10994: $? = 0
configure:10063: result: yes
configure:10084: checking if g++ supports -c -o file.o
configure:11050: g++ -c -g -O2  -o out/conftest2.o conftest.cc >&5
configure:11054: $? = 0
configure:10127: result: yes
configure:10151: checking whether the g++ linker (K:/gcc335b4/usr/i386-pc-os2-emx/bin/ld.exe) supports shared libraries
configure:10177: result: no
configure:10243: checking dynamic linker characteristics
configure:10757: result: OS/2 ld.exe
configure:10760: checking how to hardcode library paths into programs
configure:10784: result: immediate
configure:10796: checking whether stripping libraries is possible
configure:10817: result: no
configure:17169: checking whether to enable maintainer-specific portions of Makefiles
configure:17178: result: no
configure:17193: checking for BSDgettimeofday
configure:17245: gcc.exe -o conftest.exe -g -O2   conftest.c  >&5
conftest.c:60 (d:\TEMPDIR/cc00qx1N.o): Undefined symbol _BSDgettimeofday referenced from text segment
d:\TEMPDIR/cc00qx1N.o: Undefined symbol _BSDgettimeofday referenced from data segment
configure:17251: $? = 1
configure: failed program was:
| /* confdefs.h.  */
| 
| #define PACKAGE_NAME ""
| #define PACKAGE_TARNAME ""
| #define PACKAGE_VERSION ""
| #define PACKAGE_STRING ""
| #define PACKAGE_BUGREPORT ""
| #define PACKAGE "swish-e"
| #define VERSION "2.4.3"
| #define STDC_HEADERS 1
| #define HAVE_SYS_TYPES_H 1
| #define HAVE_SYS_STAT_H 1
| #define HAVE_STDLIB_H 1
| #define HAVE_STRING_H 1
| #define HAVE_MEMORY_H 1
| #define HAVE_STRINGS_H 1
| #define HAVE_INTTYPES_H 1
| #define HAVE_STDINT_H 1
| #define HAVE_UNISTD_H 1
| #define HAVE_DLFCN_H 1
| #ifdef __cplusplus
| extern "C" void std::exit (int) throw (); using std::exit;
| #endif
| /* end confdefs.h.  */
| /* Define BSDgettimeofday to an innocuous variant, in case <limits.h> declares BSDgettimeofday.
|    For example, HP-UX 11i <limits.h> declares gettimeofday.  */
| #define BSDgettimeofday innocuous_BSDgettimeofday
| /* System header to define __stub macros and hopefully few prototypes,
|     which can conflict with char BSDgettimeofday (); below.
|     Prefer <limits.h> to <assert.h> if __STDC__ is defined, since
|     <limits.h> exists even on freestanding compilers.  */
| #ifdef __STDC__
| # include <limits.h>
| #else
| # include <assert.h>
| #endif
| #undef BSDgettimeofday
| /* Override any gcc2 internal prototype to avoid an error.  */
| #ifdef __cplusplus
| extern "C"
| {
| #endif
| /* We use char because int might match the return type of a gcc2
|    builtin and then its argument prototype would still apply.  */
| char BSDgettimeofday ();
| /* The GNU C library defines this for functions which it implements
|     to always fail with ENOSYS.  Some functions are actually named
|     something starting with __ and the normal name is an alias.  */
| #if defined (__stub_BSDgettimeofday) || defined (__stub___BSDgettimeofday)
| choke me
| #else
| char (*f) () = BSDgettimeofday;
| #endif
| #ifdef __cplusplus
| }
| #endif
| int
| main ()
| {
| return f != BSDgettimeofday;
|   ;
|   return 0;
| }
configure:17274: result: no
configure:17281: checking for gettimeofday
configure:17333: gcc.exe -o conftest.exe -g -O2   conftest.c  >&5
configure:17339: $? = 0
configure:17342: test -z 			 || test ! -s conftest.err
configure:17345: $? = 0
configure:17348: test -s conftest.exe
configure:17351: $? = 0
configure:17362: result: yes
configure:17376: checking whether #! works in shell scripts
configure:17393: result: no
configure:17397: checking whether make sets $(MAKE)
configure:17417: result: yes
configure:17428: checking for perl
configure:17458: result: /usr/local/bin/perl
configure:17467: checking for pod2man
configure:17483: found k:\perl\bin/pod2man
configure:17492: result: pod2man
configure:17512: checking for a BSD-compatible install
configure:17566: result: config/install-sh -c
configure:17619: checking for gcc
configure:17644: result: gcc.exe
configure:17871: checking for C compiler version
configure:17874: gcc.exe --version </dev/null >&5
gcc.exe (GCC) 3.3.5 (Innotek Build 2005-01-17 06:42)
Copyright (C) 2003 Free Software Foundation, Inc.
This is free software; see the source for copying conditions.  There is NO
warranty; not even for MERCHANTABILITY or FITNESS FOR A PARTICULAR PURPOSE.

configure:17877: $? = 0
configure:17879: gcc.exe -v </dev/null >&5
Reading specs from K:/gcc335b4/usr/lib/gcc-lib/i386-pc-os2-emx/3.3.5/specs
Configured with: G:/GCCOS2/TREE/src/gcc/configure --enable-clh --enable-threads=os2 --enable-shared=libgcc,bfd,opcodes --enable-nls --without-included-gettext --with-local-prefix=G:/GCCOS2/TREE/TOOLS/x86.os2/gcc/staged --prefix=/gcc --with-gnu-as --disable-libgcj --enable-languages=c,c++
Thread model: os2
gcc version 3.3.5 (Innotek Build 2005-01-17 06:42)
configure:17882: $? = 0
configure:17884: gcc.exe -V </dev/null >&5
gcc.exe: `-V' must come at the start of the command line
configure:17887: $? = 1
configure:17889: checking whether we are using the GNU C compiler
configure:17940: result: yes
configure:17946: checking whether gcc.exe accepts -g
configure:17993: result: yes
configure:18010: checking for gcc.exe option to accept ANSI C
configure:18111: result: none needed
configure:18128: gcc.exe -c -g -O2  conftest.c >&5
conftest.c:2: error: parse error before "me"
configure:18134: $? = 1
configure: failed program was:
| #ifndef __cplusplus
|   choke me
| #endif
configure:18260: checking dependency style of gcc.exe
configure:18339: result: none
configure:18356: checking for vsnprintf in -lsnprintf
configure:18385: gcc.exe -o conftest.exe -g -O2   conftest.c -lsnprintf   >&5
conftest.c:31: warning: conflicting types for built-in function `vsnprintf'
K:/gcc335b4/usr/i386-pc-os2-emx/bin/ld.exe: No such file or directory for snprintf
configure:18391: $? = 1
configure: failed program was:
| /* confdefs.h.  */
| 
| #define PACKAGE_NAME ""
| #define PACKAGE_TARNAME ""
| #define PACKAGE_VERSION ""
| #define PACKAGE_STRING ""
| #define PACKAGE_BUGREPORT ""
| #define PACKAGE "swish-e"
| #define VERSION "2.4.3"
| #define STDC_HEADERS 1
| #define HAVE_SYS_TYPES_H 1
| #define HAVE_SYS_STAT_H 1
| #define HAVE_STDLIB_H 1
| #define HAVE_STRING_H 1
| #define HAVE_MEMORY_H 1
| #define HAVE_STRINGS_H 1
| #define HAVE_INTTYPES_H 1
| #define HAVE_STDINT_H 1
| #define HAVE_UNISTD_H 1
| #define HAVE_DLFCN_H 1
| #ifdef __cplusplus
| extern "C" void std::exit (int) throw (); using std::exit;
| #endif
| /* end confdefs.h.  */
| /* Override any gcc2 internal prototype to avoid an error.  */
| #ifdef __cplusplus
| extern "C"
| #endif
| /* We use char because int might match the return type of a gcc2
|    builtin and then its argument prototype would still apply.  */
| char vsnprintf ();
| int
| main ()
| {
| vsnprintf ();
|   ;
|   return 0;
| }
configure:18415: result: no
configure:18432: checking for dirent.h that defines DIR
configure:18455: gcc.exe -c -g -O2  conftest.c >&5
configure:18461: $? = 0
configure:18464: test -z 			 || test ! -s conftest.err
configure:18467: $? = 0
configure:18470: test -s conftest.o
configure:18473: $? = 0
configure:18483: result: yes
configure:18494: checking for library containing opendir
configure:18523: gcc.exe -o conftest.exe -g -O2   conftest.c  >&5
configure:18529: $? = 0
configure:18532: test -z 			 || test ! -s conftest.err
configure:18535: $? = 0
configure:18538: test -s conftest.exe
configure:18541: $? = 0
configure:18607: result: none required
configure:18733: checking whether stat file-mode macros are broken
configure:18775: result: no
configure:18782: checking for ANSI C header files
configure:18922: result: yes
configure:18940: checking for unistd.h
configure:18945: result: yes
configure:18940: checking for stdlib.h
configure:18945: result: yes
configure:18940: checking for string.h
configure:18945: result: yes
configure:18949: checking sys/timeb.h usability
configure:18961: gcc.exe -c -g -O2  conftest.c >&5
configure:18967: $? = 0
configure:18970: test -z 			 || test ! -s conftest.err
configure:18973: $? = 0
configure:18976: test -s conftest.o
configure:18979: $? = 0
configure:18988: result: yes
configure:18991: checking sys/timeb.h presence
configure:19001: gcc.exe -E  conftest.c
configure:19007: $? = 0
configure:19026: result: yes
configure:19060: checking for sys/timeb.h
configure:19067: result: yes
configure:18949: checking windows.h usability
configure:18961: gcc.exe -c -g -O2  conftest.c >&5
conftest.c:65:21: windows.h: No such file or directory
configure:18967: $? = 1
configure: failed program was:
| /* confdefs.h.  */
| 
| #define PACKAGE_NAME ""
| #define PACKAGE_TARNAME ""
| #define PACKAGE_VERSION ""
| #define PACKAGE_STRING ""
| #define PACKAGE_BUGREPORT ""
| #define PACKAGE "swish-e"
| #define VERSION "2.4.3"
| #define STDC_HEADERS 1
| #define HAVE_SYS_TYPES_H 1
| #define HAVE_SYS_STAT_H 1
| #define HAVE_STDLIB_H 1
| #define HAVE_STRING_H 1
| #define HAVE_MEMORY_H 1
| #define HAVE_STRINGS_H 1
| #define HAVE_INTTYPES_H 1
| #define HAVE_STDINT_H 1
| #define HAVE_UNISTD_H 1
| #define HAVE_DLFCN_H 1
| #ifdef __cplusplus
| extern "C" void std::exit (int) throw (); using std::exit;
| #endif
| #define HAVE_DIRENT_H 1
| #define STDC_HEADERS 1
| #define HAVE_UNISTD_H 1
| #define HAVE_STDLIB_H 1
| #define HAVE_STRING_H 1
| #define HAVE_SYS_TIMEB_H 1
| /* end confdefs.h.  */
| #include <stdio.h>
| #if HAVE_SYS_TYPES_H
| # include <sys/types.h>
| #endif
| #if HAVE_SYS_STAT_H
| # include <sys/stat.h>
| #endif
| #if STDC_HEADERS
| # include <stdlib.h>
| # include <stddef.h>
| #else
| # if HAVE_STDLIB_H
| #  include <stdlib.h>
| # endif
| #endif
| #if HAVE_STRING_H
| # if !STDC_HEADERS && HAVE_MEMORY_H
| #  include <memory.h>
| # endif
| # include <string.h>
| #endif
| #if HAVE_STRINGS_H
| # include <strings.h>
| #endif
| #if HAVE_INTTYPES_H
| # include <inttypes.h>
| #else
| # if HAVE_STDINT_H
| #  include <stdint.h>
| # endif
| #endif
| #if HAVE_UNISTD_H
| # include <unistd.h>
| #endif
| #include <windows.h>
configure:18988: result: no
configure:18991: checking windows.h presence
configure:19001: gcc.exe -E  conftest.c
conftest.c:31:21: windows.h: No such file or directory
configure:19007: $? = 1
configure: failed program was:
| /* confdefs.h.  */
| 
| #define PACKAGE_NAME ""
| #define PACKAGE_TARNAME ""
| #define PACKAGE_VERSION ""
| #define PACKAGE_STRING ""
| #define PACKAGE_BUGREPORT ""
| #define PACKAGE "swish-e"
| #define VERSION "2.4.3"
| #define STDC_HEADERS 1
| #define HAVE_SYS_TYPES_H 1
| #define HAVE_SYS_STAT_H 1
| #define HAVE_STDLIB_H 1
| #define HAVE_STRING_H 1
| #define HAVE_MEMORY_H 1
| #define HAVE_STRINGS_H 1
| #define HAVE_INTTYPES_H 1
| #define HAVE_STDINT_H 1
| #define HAVE_UNISTD_H 1
| #define HAVE_DLFCN_H 1
| #ifdef __cplusplus
| extern "C" void std::exit (int) throw (); using std::exit;
| #endif
| #define HAVE_DIRENT_H 1
| #define STDC_HEADERS 1
| #define HAVE_UNISTD_H 1
| #define HAVE_STDLIB_H 1
| #define HAVE_STRING_H 1
| #define HAVE_SYS_TIMEB_H 1
| /* end confdefs.h.  */
| #include <windows.h>
configure:19026: result: no
configure:19060: checking for windows.h
configure:19067: result: no
configure:19091: checking sys/resource.h usability
configure:19103: gcc.exe -c -g -O2  conftest.c >&5
configure:19109: $? = 0
configure:19112: test -z 			 || test ! -s conftest.err
configure:19115: $? = 0
configure:19118: test -s conftest.o
configure:19121: $? = 0
configure:19130: result: yes
configure:19133: checking sys/resource.h presence
configure:19143: gcc.exe -E  conftest.c
configure:19149: $? = 0
configure:19168: result: yes
configure:19202: checking for sys/resource.h
configure:19209: result: yes
configure:19091: checking sys/param.h usability
configure:19103: gcc.exe -c -g -O2  conftest.c >&5
configure:19109: $? = 0
configure:19112: test -z 			 || test ! -s conftest.err
configure:19115: $? = 0
configure:19118: test -s conftest.o
configure:19121: $? = 0
configure:19130: result: yes
configure:19133: checking sys/param.h presence
configure:19143: gcc.exe -E  conftest.c
configure:19149: $? = 0
configure:19168: result: yes
configure:19202: checking for sys/param.h
configure:19209: result: yes
configure:19219: checking for sys/wait.h that is POSIX.1 compatible
configure:19249: gcc.exe -c -g -O2  conftest.c >&5
configure:19255: $? = 0
configure:19258: test -z 			 || test ! -s conftest.err
configure:19261: $? = 0
configure:19264: test -s conftest.o
configure:19267: $? = 0
configure:19277: result: yes
configure:19285: checking for an ANSI C-conforming const
configure:19349: gcc.exe -c -g -O2  conftest.c >&5
configure:19355: $? = 0
configure:19358: test -z 			 || test ! -s conftest.err
configure:19361: $? = 0
configure:19364: test -s conftest.o
configure:19367: $? = 0
configure:19377: result: yes
configure:19384: checking for pid_t
configure:19408: gcc.exe -c -g -O2  conftest.c >&5
configure:19414: $? = 0
configure:19417: test -z 			 || test ! -s conftest.err
configure:19420: $? = 0
configure:19423: test -s conftest.o
configure:19426: $? = 0
configure:19436: result: yes
configure:19445: checking for size_t
configure:19469: gcc.exe -c -g -O2  conftest.c >&5
configure:19475: $? = 0
configure:19478: test -z 			 || test ! -s conftest.err
configure:19481: $? = 0
configure:19484: test -s conftest.o
configure:19487: $? = 0
configure:19497: result: yes
configure:19506: checking whether struct tm is in sys/time.h or time.h
configure:19528: gcc.exe -c -g -O2  conftest.c >&5
configure:19534: $? = 0
configure:19537: test -z 			 || test ! -s conftest.err
configure:19540: $? = 0
configure:19543: test -s conftest.o
configure:19546: $? = 0
configure:19556: result: time.h
configure:19566: checking for working alloca.h
configure:19587: gcc.exe -o conftest.exe -g -O2   conftest.c  >&5
configure:19593: $? = 0
configure:19596: test -z 			 || test ! -s conftest.err
configure:19599: $? = 0
configure:19602: test -s conftest.exe
configure:19605: $? = 0
configure:19616: result: yes
configure:19623: checking for alloca
configure:19663: gcc.exe -o conftest.exe -g -O2   conftest.c  >&5
configure:19669: $? = 0
configure:19672: test -z 			 || test ! -s conftest.err
configure:19675: $? = 0
configure:19678: test -s conftest.exe
configure:19681: $? = 0
configure:19692: result: yes
configure:19895: checking for strftime
configure:19947: gcc.exe -o conftest.exe -g -O2   conftest.c  >&5
configure:19953: $? = 0
configure:19956: test -z 			 || test ! -s conftest.err
configure:19959: $? = 0
configure:19962: test -s conftest.exe
configure:19965: $? = 0
configure:19976: result: yes
configure:20057: checking for vprintf
configure:20109: gcc.exe -o conftest.exe -g -O2   conftest.c  >&5
conftest.c:57: warning: conflicting types for built-in function `vprintf'
configure:20115: $? = 0
configure:20118: test -z 			 || test ! -s conftest.err
configure:20121: $? = 0
configure:20124: test -s conftest.exe
configure:20127: $? = 0
configure:20138: result: yes
configure:20144: checking for _doprnt
configure:20196: gcc.exe -o conftest.exe -g -O2   conftest.c  >&5
conftest.c:73 (d:\TEMPDIR/ccmU5K7u.o): Undefined symbol __doprnt referenced from text segment
d:\TEMPDIR/ccmU5K7u.o: Undefined symbol __doprnt referenced from data segment
configure:20202: $? = 1
configure: failed program was:
| /* confdefs.h.  */
| 
| #define PACKAGE_NAME ""
| #define PACKAGE_TARNAME ""
| #define PACKAGE_VERSION ""
| #define PACKAGE_STRING ""
| #define PACKAGE_BUGREPORT ""
| #define PACKAGE "swish-e"
| #define VERSION "2.4.3"
| #define STDC_HEADERS 1
| #define HAVE_SYS_TYPES_H 1
| #define HAVE_SYS_STAT_H 1
| #define HAVE_STDLIB_H 1
| #define HAVE_STRING_H 1
| #define HAVE_MEMORY_H 1
| #define HAVE_STRINGS_H 1
| #define HAVE_INTTYPES_H 1
| #define HAVE_STDINT_H 1
| #define HAVE_UNISTD_H 1
| #define HAVE_DLFCN_H 1
| #ifdef __cplusplus
| extern "C" void std::exit (int) throw (); using std::exit;
| #endif
| #define HAVE_DIRENT_H 1
| #define STDC_HEADERS 1
| #define HAVE_UNISTD_H 1
| #define HAVE_STDLIB_H 1
| #define HAVE_STRING_H 1
| #define HAVE_SYS_TIMEB_H 1
| #define HAVE_SYS_RESOURCE_H 1
| #define HAVE_SYS_PARAM_H 1
| #define HAVE_SYS_WAIT_H 1
| #define HAVE_ALLOCA_H 1
| #define HAVE_ALLOCA 1
| #define HAVE_STRFTIME 1
| #define HAVE_VPRINTF 1
| /* end confdefs.h.  */
| /* Define _doprnt to an innocuous variant, in case <limits.h> declares _doprnt.
|    For example, HP-UX 11i <limits.h> declares gettimeofday.  */
| #define _doprnt innocuous__doprnt
| /* System header to define __stub macros and hopefully few prototypes,
|     which can conflict with char _doprnt (); below.
|     Prefer <limits.h> to <assert.h> if __STDC__ is defined, since
|     <limits.h> exists even on freestanding compilers.  */
| #ifdef __STDC__
| # include <limits.h>
| #else
| # include <assert.h>
| #endif
| #undef _doprnt
| /* Override any gcc2 internal prototype to avoid an error.  */
| #ifdef __cplusplus
| extern "C"
| {
| #endif
| /* We use char because int might match the return type of a gcc2
|    builtin and then its argument prototype would still apply.  */
| char _doprnt ();
| /* The GNU C library defines this for functions which it implements
|     to always fail with ENOSYS.  Some functions are actually named
|     something starting with __ and the normal name is an alias.  */
| #if defined (__stub__doprnt) || defined (__stub____doprnt)
| choke me
| #else
| char (*f) () = _doprnt;
| #endif
| #ifdef __cplusplus
| }
| #endif
| int
| main ()
| {
| return f != _doprnt;
|   ;
|   return 0;
| }
configure:20225: result: no
configure:20241: checking for unistd.h
configure:20246: result: yes
configure:20250: checking vfork.h usability
configure:20262: gcc.exe -c -g -O2  conftest.c >&5
conftest.c:73:19: vfork.h: No such file or directory
configure:20268: $? = 1
configure: failed program was:
| /* confdefs.h.  */
| 
| #define PACKAGE_NAME ""
| #define PACKAGE_TARNAME ""
| #define PACKAGE_VERSION ""
| #define PACKAGE_STRING ""
| #define PACKAGE_BUGREPORT ""
| #define PACKAGE "swish-e"
| #define VERSION "2.4.3"
| #define STDC_HEADERS 1
| #define HAVE_SYS_TYPES_H 1
| #define HAVE_SYS_STAT_H 1
| #define HAVE_STDLIB_H 1
| #define HAVE_STRING_H 1
| #define HAVE_MEMORY_H 1
| #define HAVE_STRINGS_H 1
| #define HAVE_INTTYPES_H 1
| #define HAVE_STDINT_H 1
| #define HAVE_UNISTD_H 1
| #define HAVE_DLFCN_H 1
| #ifdef __cplusplus
| extern "C" void std::exit (int) throw (); using std::exit;
| #endif
| #define HAVE_DIRENT_H 1
| #define STDC_HEADERS 1
| #define HAVE_UNISTD_H 1
| #define HAVE_STDLIB_H 1
| #define HAVE_STRING_H 1
| #define HAVE_SYS_TIMEB_H 1
| #define HAVE_SYS_RESOURCE_H 1
| #define HAVE_SYS_PARAM_H 1
| #define HAVE_SYS_WAIT_H 1
| #define HAVE_ALLOCA_H 1
| #define HAVE_ALLOCA 1
| #define HAVE_STRFTIME 1
| #define HAVE_VPRINTF 1
| #define HAVE_UNISTD_H 1
| /* end confdefs.h.  */
| #include <stdio.h>
| #if HAVE_SYS_TYPES_H
| # include <sys/types.h>
| #endif
| #if HAVE_SYS_STAT_H
| # include <sys/stat.h>
| #endif
| #if STDC_HEADERS
| # include <stdlib.h>
| # include <stddef.h>
| #else
| # if HAVE_STDLIB_H
| #  include <stdlib.h>
| # endif
| #endif
| #if HAVE_STRING_H
| # if !STDC_HEADERS && HAVE_MEMORY_H
| #  include <memory.h>
| # endif
| # include <string.h>
| #endif
| #if HAVE_STRINGS_H
| # include <strings.h>
| #endif
| #if HAVE_INTTYPES_H
| # include <inttypes.h>
| #else
| # if HAVE_STDINT_H
| #  include <stdint.h>
| # endif
| #endif
| #if HAVE_UNISTD_H
| # include <unistd.h>
| #endif
| #include <vfork.h>
configure:20289: result: no
configure:20292: checking vfork.h presence
configure:20302: gcc.exe -E  conftest.c
conftest.c:39:19: vfork.h: No such file or directory
configure:20308: $? = 1
configure: failed program was:
| /* confdefs.h.  */
| 
| #define PACKAGE_NAME ""
| #define PACKAGE_TARNAME ""
| #define PACKAGE_VERSION ""
| #define PACKAGE_STRING ""
| #define PACKAGE_BUGREPORT ""
| #define PACKAGE "swish-e"
| #define VERSION "2.4.3"
| #define STDC_HEADERS 1
| #define HAVE_SYS_TYPES_H 1
| #define HAVE_SYS_STAT_H 1
| #define HAVE_STDLIB_H 1
| #define HAVE_STRING_H 1
| #define HAVE_MEMORY_H 1
| #define HAVE_STRINGS_H 1
| #define HAVE_INTTYPES_H 1
| #define HAVE_STDINT_H 1
| #define HAVE_UNISTD_H 1
| #define HAVE_DLFCN_H 1
| #ifdef __cplusplus
| extern "C" void std::exit (int) throw (); using std::exit;
| #endif
| #define HAVE_DIRENT_H 1
| #define STDC_HEADERS 1
| #define HAVE_UNISTD_H 1
| #define HAVE_STDLIB_H 1
| #define HAVE_STRING_H 1
| #define HAVE_SYS_TIMEB_H 1
| #define HAVE_SYS_RESOURCE_H 1
| #define HAVE_SYS_PARAM_H 1
| #define HAVE_SYS_WAIT_H 1
| #define HAVE_ALLOCA_H 1
| #define HAVE_ALLOCA 1
| #define HAVE_STRFTIME 1
| #define HAVE_VPRINTF 1
| #define HAVE_UNISTD_H 1
| /* end confdefs.h.  */
| #include <vfork.h>
configure:20327: result: no
configure:20361: checking for vfork.h
configure:20368: result: no
configure:20382: checking for fork
configure:20434: gcc.exe -o conftest.exe -g -O2   conftest.c  >&5
configure:20440: $? = 0
configure:20443: test -z 			 || test ! -s conftest.err
configure:20446: $? = 0
configure:20449: test -s conftest.exe
configure:20452: $? = 0
configure:20463: result: yes
configure:20382: checking for vfork
configure:20434: gcc.exe -o conftest.exe -g -O2   conftest.c  >&5
conftest.c:75 (d:\TEMPDIR/cc2QB00S.o): Undefined symbol _vfork referenced from text segment
d:\TEMPDIR/cc2QB00S.o: Undefined symbol _vfork referenced from data segment
configure:20440: $? = 1
configure: failed program was:
| /* confdefs.h.  */
| 
| #define PACKAGE_NAME ""
| #define PACKAGE_TARNAME ""
| #define PACKAGE_VERSION ""
| #define PACKAGE_STRING ""
| #define PACKAGE_BUGREPORT ""
| #define PACKAGE "swish-e"
| #define VERSION "2.4.3"
| #define STDC_HEADERS 1
| #define HAVE_SYS_TYPES_H 1
| #define HAVE_SYS_STAT_H 1
| #define HAVE_STDLIB_H 1
| #define HAVE_STRING_H 1
| #define HAVE_MEMORY_H 1
| #define HAVE_STRINGS_H 1
| #define HAVE_INTTYPES_H 1
| #define HAVE_STDINT_H 1
| #define HAVE_UNISTD_H 1
| #define HAVE_DLFCN_H 1
| #ifdef __cplusplus
| extern "C" void std::exit (int) throw (); using std::exit;
| #endif
| #define HAVE_DIRENT_H 1
| #define STDC_HEADERS 1
| #define HAVE_UNISTD_H 1
| #define HAVE_STDLIB_H 1
| #define HAVE_STRING_H 1
| #define HAVE_SYS_TIMEB_H 1
| #define HAVE_SYS_RESOURCE_H 1
| #define HAVE_SYS_PARAM_H 1
| #define HAVE_SYS_WAIT_H 1
| #define HAVE_ALLOCA_H 1
| #define HAVE_ALLOCA 1
| #define HAVE_STRFTIME 1
| #define HAVE_VPRINTF 1
| #define HAVE_UNISTD_H 1
| #define HAVE_FORK 1
| /* end confdefs.h.  */
| /* Define vfork to an innocuous variant, in case <limits.h> declares vfork.
|    For example, HP-UX 11i <limits.h> declares gettimeofday.  */
| #define vfork innocuous_vfork
| /* System header to define __stub macros and hopefully few prototypes,
|     which can conflict with char vfork (); below.
|     Prefer <limits.h> to <assert.h> if __STDC__ is defined, since
|     <limits.h> exists even on freestanding compilers.  */
| #ifdef __STDC__
| # include <limits.h>
| #else
| # include <assert.h>
| #endif
| #undef vfork
| /* Override any gcc2 internal prototype to avoid an error.  */
| #ifdef __cplusplus
| extern "C"
| {
| #endif
| /* We use char because int might match the return type of a gcc2
|    builtin and then its argument prototype would still apply.  */
| char vfork ();
| /* The GNU C library defines this for functions which it implements
|     to always fail with ENOSYS.  Some functions are actually named
|     something starting with __ and the normal name is an alias.  */
| #if defined (__stub_vfork) || defined (__stub___vfork)
| choke me
| #else
| char (*f) () = vfork;
| #endif
| #ifdef __cplusplus
| }
| #endif
| int
| main ()
| {
| return f != vfork;
|   ;
|   return 0;
| }
configure:20463: result: no
configure:20472: checking for working fork
configure:20495: gcc.exe -o conftest.exe -g -O2   conftest.c  >&5
configure:20498: $? = 0
configure:20500: ./conftest.exe
configure:20503: $? = 0
configure:20516: result: yes
configure:20691: checking for re_comp
configure:20743: gcc.exe -o conftest.exe -g -O2   conftest.c  >&5
conftest.c:77 (d:\TEMPDIR/ccbvMozv.o): Undefined symbol _re_comp referenced from text segment
d:\TEMPDIR/ccbvMozv.o: Undefined symbol _re_comp referenced from data segment
configure:20749: $? = 1
configure: failed program was:
| /* confdefs.h.  */
| 
| #define PACKAGE_NAME ""
| #define PACKAGE_TARNAME ""
| #define PACKAGE_VERSION ""
| #define PACKAGE_STRING ""
| #define PACKAGE_BUGREPORT ""
| #define PACKAGE "swish-e"
| #define VERSION "2.4.3"
| #define STDC_HEADERS 1
| #define HAVE_SYS_TYPES_H 1
| #define HAVE_SYS_STAT_H 1
| #define HAVE_STDLIB_H 1
| #define HAVE_STRING_H 1
| #define HAVE_MEMORY_H 1
| #define HAVE_STRINGS_H 1
| #define HAVE_INTTYPES_H 1
| #define HAVE_STDINT_H 1
| #define HAVE_UNISTD_H 1
| #define HAVE_DLFCN_H 1
| #ifdef __cplusplus
| extern "C" void std::exit (int) throw (); using std::exit;
| #endif
| #define HAVE_DIRENT_H 1
| #define STDC_HEADERS 1
| #define HAVE_UNISTD_H 1
| #define HAVE_STDLIB_H 1
| #define HAVE_STRING_H 1
| #define HAVE_SYS_TIMEB_H 1
| #define HAVE_SYS_RESOURCE_H 1
| #define HAVE_SYS_PARAM_H 1
| #define HAVE_SYS_WAIT_H 1
| #define HAVE_ALLOCA_H 1
| #define HAVE_ALLOCA 1
| #define HAVE_STRFTIME 1
| #define HAVE_VPRINTF 1
| #define HAVE_UNISTD_H 1
| #define HAVE_FORK 1
| #define vfork fork
| #define HAVE_WORKING_FORK 1
| /* end confdefs.h.  */
| /* Define re_comp to an innocuous variant, in case <limits.h> declares re_comp.
|    For example, HP-UX 11i <limits.h> declares gettimeofday.  */
| #define re_comp innocuous_re_comp
| /* System header to define __stub macros and hopefully few prototypes,
|     which can conflict with char re_comp (); below.
|     Prefer <limits.h> to <assert.h> if __STDC__ is defined, since
|     <limits.h> exists even on freestanding compilers.  */
| #ifdef __STDC__
| # include <limits.h>
| #else
| # include <assert.h>
| #endif
| #undef re_comp
| /* Override any gcc2 internal prototype to avoid an error.  */
| #ifdef __cplusplus
| extern "C"
| {
| #endif
| /* We use char because int might match the return type of a gcc2
|    builtin and then its argument prototype would still apply.  */
| char re_comp ();
| /* The GNU C library defines this for functions which it implements
|     to always fail with ENOSYS.  Some functions are actually named
|     something starting with __ and the normal name is an alias.  */
| #if defined (__stub_re_comp) || defined (__stub___re_comp)
| choke me
| #else
| char (*f) () = re_comp;
| #endif
| #ifdef __cplusplus
| }
| #endif
| int
| main ()
| {
| return f != re_comp;
|   ;
|   return 0;
| }
configure:20772: result: no
configure:20691: checking for regcomp
configure:20743: gcc.exe -o conftest.exe -g -O2   conftest.c  >&5
configure:20749: $? = 0
configure:20752: test -z 			 || test ! -s conftest.err
configure:20755: $? = 0
configure:20758: test -s conftest.exe
configure:20761: $? = 0
configure:20772: result: yes
configure:20691: checking for strdup
configure:20743: gcc.exe -o conftest.exe -g -O2   conftest.c  >&5
configure:20749: $? = 0
configure:20752: test -z 			 || test ! -s conftest.err
configure:20755: $? = 0
configure:20758: test -s conftest.exe
configure:20761: $? = 0
configure:20772: result: yes
configure:20691: checking for strstr
configure:20743: gcc.exe -o conftest.exe -g -O2   conftest.c  >&5
conftest.c:64: warning: conflicting types for built-in function `strstr'
configure:20749: $? = 0
configure:20752: test -z 			 || test ! -s conftest.err
configure:20755: $? = 0
configure:20758: test -s conftest.exe
configure:20761: $? = 0
configure:20772: result: yes
configure:20691: checking for lstat
configure:20743: gcc.exe -o conftest.exe -g -O2   conftest.c  >&5
configure:20749: $? = 0
configure:20752: test -z 			 || test ! -s conftest.err
configure:20755: $? = 0
configure:20758: test -s conftest.exe
configure:20761: $? = 0
configure:20772: result: yes
configure:20691: checking for setenv
configure:20743: gcc.exe -o conftest.exe -g -O2   conftest.c  >&5
configure:20749: $? = 0
configure:20752: test -z 			 || test ! -s conftest.err
configure:20755: $? = 0
configure:20758: test -s conftest.exe
configure:20761: $? = 0
configure:20772: result: yes
configure:20691: checking for access
configure:20743: gcc.exe -o conftest.exe -g -O2   conftest.c  >&5
configure:20749: $? = 0
configure:20752: test -z 			 || test ! -s conftest.err
configure:20755: $? = 0
configure:20758: test -s conftest.exe
configure:20761: $? = 0
configure:20772: result: yes
configure:20785: checking for strchr
configure:20837: gcc.exe -o conftest.exe -g -O2   conftest.c  >&5
conftest.c:68: warning: conflicting types for built-in function `strchr'
configure:20843: $? = 0
configure:20846: test -z 			 || test ! -s conftest.err
configure:20849: $? = 0
configure:20852: test -s conftest.exe
configure:20855: $? = 0
configure:20866: result: yes
configure:20785: checking for memcpy
configure:20837: gcc.exe -o conftest.exe -g -O2   conftest.c  >&5
conftest.c:69: warning: conflicting types for built-in function `memcpy'
configure:20843: $? = 0
configure:20846: test -z 			 || test ! -s conftest.err
configure:20849: $? = 0
configure:20852: test -s conftest.exe
configure:20855: $? = 0
configure:20866: result: yes
configure:20880: checking for clock
configure:20932: gcc.exe -o conftest.exe -g -O2   conftest.c  >&5
configure:20938: $? = 0
configure:20941: test -z 			 || test ! -s conftest.err
configure:20944: $? = 0
configure:20947: test -s conftest.exe
configure:20950: $? = 0
configure:20961: result: yes
configure:20880: checking for times
configure:20932: gcc.exe -o conftest.exe -g -O2   conftest.c  >&5
configure:20938: $? = 0
configure:20941: test -z 			 || test ! -s conftest.err
configure:20944: $? = 0
configure:20947: test -s conftest.exe
configure:20950: $? = 0
configure:20961: result: yes
configure:20880: checking for getrusage
configure:20932: gcc.exe -o conftest.exe -g -O2   conftest.c  >&5
conftest.c:87 (d:\TEMPDIR/ccfXnJfo.o): Undefined symbol _getrusage referenced from text segment
d:\TEMPDIR/ccfXnJfo.o: Undefined symbol _getrusage referenced from data segment
configure:20938: $? = 1
configure: failed program was:
| /* confdefs.h.  */
| 
| #define PACKAGE_NAME ""
| #define PACKAGE_TARNAME ""
| #define PACKAGE_VERSION ""
| #define PACKAGE_STRING ""
| #define PACKAGE_BUGREPORT ""
| #define PACKAGE "swish-e"
| #define VERSION "2.4.3"
| #define STDC_HEADERS 1
| #define HAVE_SYS_TYPES_H 1
| #define HAVE_SYS_STAT_H 1
| #define HAVE_STDLIB_H 1
| #define HAVE_STRING_H 1
| #define HAVE_MEMORY_H 1
| #define HAVE_STRINGS_H 1
| #define HAVE_INTTYPES_H 1
| #define HAVE_STDINT_H 1
| #define HAVE_UNISTD_H 1
| #define HAVE_DLFCN_H 1
| #ifdef __cplusplus
| extern "C" void std::exit (int) throw (); using std::exit;
| #endif
| #define HAVE_DIRENT_H 1
| #define STDC_HEADERS 1
| #define HAVE_UNISTD_H 1
| #define HAVE_STDLIB_H 1
| #define HAVE_STRING_H 1
| #define HAVE_SYS_TIMEB_H 1
| #define HAVE_SYS_RESOURCE_H 1
| #define HAVE_SYS_PARAM_H 1
| #define HAVE_SYS_WAIT_H 1
| #define HAVE_ALLOCA_H 1
| #define HAVE_ALLOCA 1
| #define HAVE_STRFTIME 1
| #define HAVE_VPRINTF 1
| #define HAVE_UNISTD_H 1
| #define HAVE_FORK 1
| #define vfork fork
| #define HAVE_WORKING_FORK 1
| #define HAVE_REGCOMP 1
| #define HAVE_STRDUP 1
| #define HAVE_STRSTR 1
| #define HAVE_LSTAT 1
| #define HAVE_SETENV 1
| #define HAVE_ACCESS 1
| #define HAVE_STRCHR 1
| #define HAVE_MEMCPY 1
| #define HAVE_CLOCK 1
| #define HAVE_TIMES 1
| /* end confdefs.h.  */
| /* Define getrusage to an innocuous variant, in case <limits.h> declares getrusage.
|    For example, HP-UX 11i <limits.h> declares gettimeofday.  */
| #define getrusage innocuous_getrusage
| /* System header to define __stub macros and hopefully few prototypes,
|     which can conflict with char getrusage (); below.
|     Prefer <limits.h> to <assert.h> if __STDC__ is defined, since
|     <limits.h> exists even on freestanding compilers.  */
| #ifdef __STDC__
| # include <limits.h>
| #else
| # include <assert.h>
| #endif
| #undef getrusage
| /* Override any gcc2 internal prototype to avoid an error.  */
| #ifdef __cplusplus
| extern "C"
| {
| #endif
| /* We use char because int might match the return type of a gcc2
|    builtin and then its argument prototype would still apply.  */
| char getrusage ();
| /* The GNU C library defines this for functions which it implements
|     to always fail with ENOSYS.  Some functions are actually named
|     something starting with __ and the normal name is an alias.  */
| #if defined (__stub_getrusage) || defined (__stub___getrusage)
| choke me
| #else
| char (*f) () = getrusage;
| #endif
| #ifdef __cplusplus
| }
| #endif
| int
| main ()
| {
| return f != getrusage;
|   ;
|   return 0;
| }
configure:20961: result: no
configure:20970: checking for log in -lm
configure:20999: gcc.exe -o conftest.exe -g -O2   conftest.c -lm   >&5
conftest.c:58: warning: conflicting types for built-in function `log'
configure:21005: $? = 0
configure:21008: test -z 			 || test ! -s conftest.err
configure:21011: $? = 0
configure:21014: test -s conftest.exe
configure:21017: $? = 0
configure:21029: result: yes
configure:21038: checking for uid_t in sys/types.h
configure:21059: result: yes
configure:21070: checking type of array argument to getgroups
configure:21106: gcc.exe -o conftest.exe -g -O2   conftest.c -lm  >&5
configure:21109: $? = 0
configure:21111: ./conftest.exe
configure:21114: $? = 0
configure:21144: result: gid_t
configure:21150: checking for getgroups
configure:21202: gcc.exe -o conftest.exe -g -O2   conftest.c -lm  >&5
configure:21208: $? = 0
configure:21211: test -z 			 || test ! -s conftest.err
configure:21214: $? = 0
configure:21217: test -s conftest.exe
configure:21220: $? = 0
configure:21231: result: yes
configure:21306: checking for working getgroups
configure:21331: gcc.exe -o conftest.exe -g -O2   conftest.c -lm  >&5
configure:21334: $? = 0
configure:21336: ./conftest.exe
configure:21339: $? = 0
configure:21352: result: yes
configure:21362: checking type of array argument to getgroups
configure:21436: result: gid_t
configure:21452: checking for vsnprintf
configure:21504: gcc.exe -o conftest.exe -g -O2   conftest.c -lm  >&5
conftest.c:55:1: warning: "GETGROUPS_T" redefined
conftest.c:54:1: warning: this is the location of the previous definition
conftest.c:77: warning: conflicting types for built-in function `vsnprintf'
configure:21510: $? = 0
configure:21513: test -z 			 || test ! -s conftest.err
configure:21516: $? = 0
configure:21519: test -s conftest.exe
configure:21522: $? = 0
configure:21533: result: yes
configure:21452: checking for mkstemp
configure:21504: gcc.exe -o conftest.exe -g -O2   conftest.c -lm  >&5
conftest.c:55:1: warning: "GETGROUPS_T" redefined
conftest.c:54:1: warning: this is the location of the previous definition
configure:21510: $? = 0
configure:21513: test -z 			 || test ! -s conftest.err
configure:21516: $? = 0
configure:21519: test -s conftest.exe
configure:21522: $? = 0
configure:21533: result: yes
configure:21605: checking for xml2-config
configure:21634: result: no
configure:21651: result: Not building with libxml2 - use --with-libxml2 to enable
configure:21730: checking zlib.h usability
configure:21742: gcc.exe -c -g -O2  conftest.c >&5
conftest.c:55:1: warning: "GETGROUPS_T" redefined
conftest.c:54:1: warning: this is the location of the previous definition
conftest.c:93:18: zlib.h: No such file or directory
configure:21748: $? = 1
configure: failed program was:
| /* confdefs.h.  */
| 
| #define PACKAGE_NAME ""
| #define PACKAGE_TARNAME ""
| #define PACKAGE_VERSION ""
| #define PACKAGE_STRING ""
| #define PACKAGE_BUGREPORT ""
| #define PACKAGE "swish-e"
| #define VERSION "2.4.3"
| #define STDC_HEADERS 1
| #define HAVE_SYS_TYPES_H 1
| #define HAVE_SYS_STAT_H 1
| #define HAVE_STDLIB_H 1
| #define HAVE_STRING_H 1
| #define HAVE_MEMORY_H 1
| #define HAVE_STRINGS_H 1
| #define HAVE_INTTYPES_H 1
| #define HAVE_STDINT_H 1
| #define HAVE_UNISTD_H 1
| #define HAVE_DLFCN_H 1
| #ifdef __cplusplus
| extern "C" void std::exit (int) throw (); using std::exit;
| #endif
| #define HAVE_DIRENT_H 1
| #define STDC_HEADERS 1
| #define HAVE_UNISTD_H 1
| #define HAVE_STDLIB_H 1
| #define HAVE_STRING_H 1
| #define HAVE_SYS_TIMEB_H 1
| #define HAVE_SYS_RESOURCE_H 1
| #define HAVE_SYS_PARAM_H 1
| #define HAVE_SYS_WAIT_H 1
| #define HAVE_ALLOCA_H 1
| #define HAVE_ALLOCA 1
| #define HAVE_STRFTIME 1
| #define HAVE_VPRINTF 1
| #define HAVE_UNISTD_H 1
| #define HAVE_FORK 1
| #define vfork fork
| #define HAVE_WORKING_FORK 1
| #define HAVE_REGCOMP 1
| #define HAVE_STRDUP 1
| #define HAVE_STRSTR 1
| #define HAVE_LSTAT 1
| #define HAVE_SETENV 1
| #define HAVE_ACCESS 1
| #define HAVE_STRCHR 1
| #define HAVE_MEMCPY 1
| #define HAVE_CLOCK 1
| #define HAVE_TIMES 1
| #define HAVE_LIBM 1
| #define GETGROUPS_T gid_t
| #define HAVE_GETGROUPS 1
| #define GETGROUPS_T gid_t
| #define GETGROUPS_T GETGROUPS_T
| #define HAVE_VSNPRINTF 1
| #define HAVE_MKSTEMP 1
| /* end confdefs.h.  */
| #include <stdio.h>
| #if HAVE_SYS_TYPES_H
| # include <sys/types.h>
| #endif
| #if HAVE_SYS_STAT_H
| # include <sys/stat.h>
| #endif
| #if STDC_HEADERS
| # include <stdlib.h>
| # include <stddef.h>
| #else
| # if HAVE_STDLIB_H
| #  include <stdlib.h>
| # endif
| #endif
| #if HAVE_STRING_H
| # if !STDC_HEADERS && HAVE_MEMORY_H
| #  include <memory.h>
| # endif
| # include <string.h>
| #endif
| #if HAVE_STRINGS_H
| # include <strings.h>
| #endif
| #if HAVE_INTTYPES_H
| # include <inttypes.h>
| #else
| # if HAVE_STDINT_H
| #  include <stdint.h>
| # endif
| #endif
| #if HAVE_UNISTD_H
| # include <unistd.h>
| #endif
| #include <zlib.h>
configure:21769: result: no
configure:21772: checking zlib.h presence
configure:21782: gcc.exe -E  conftest.c
conftest.c:55:1: warning: "GETGROUPS_T" redefined
conftest.c:54:1: warning: this is the location of the previous definition
conftest.c:59:18: zlib.h: No such file or directory
configure:21788: $? = 1
configure: failed program was:
| /* confdefs.h.  */
| 
| #define PACKAGE_NAME ""
| #define PACKAGE_TARNAME ""
| #define PACKAGE_VERSION ""
| #define PACKAGE_STRING ""
| #define PACKAGE_BUGREPORT ""
| #define PACKAGE "swish-e"
| #define VERSION "2.4.3"
| #define STDC_HEADERS 1
| #define HAVE_SYS_TYPES_H 1
| #define HAVE_SYS_STAT_H 1
| #define HAVE_STDLIB_H 1
| #define HAVE_STRING_H 1
| #define HAVE_MEMORY_H 1
| #define HAVE_STRINGS_H 1
| #define HAVE_INTTYPES_H 1
| #define HAVE_STDINT_H 1
| #define HAVE_UNISTD_H 1
| #define HAVE_DLFCN_H 1
| #ifdef __cplusplus
| extern "C" void std::exit (int) throw (); using std::exit;
| #endif
| #define HAVE_DIRENT_H 1
| #define STDC_HEADERS 1
| #define HAVE_UNISTD_H 1
| #define HAVE_STDLIB_H 1
| #define HAVE_STRING_H 1
| #define HAVE_SYS_TIMEB_H 1
| #define HAVE_SYS_RESOURCE_H 1
| #define HAVE_SYS_PARAM_H 1
| #define HAVE_SYS_WAIT_H 1
| #define HAVE_ALLOCA_H 1
| #define HAVE_ALLOCA 1
| #define HAVE_STRFTIME 1
| #define HAVE_VPRINTF 1
| #define HAVE_UNISTD_H 1
| #define HAVE_FORK 1
| #define vfork fork
| #define HAVE_WORKING_FORK 1
| #define HAVE_REGCOMP 1
| #define HAVE_STRDUP 1
| #define HAVE_STRSTR 1
| #define HAVE_LSTAT 1
| #define HAVE_SETENV 1
| #define HAVE_ACCESS 1
| #define HAVE_STRCHR 1
| #define HAVE_MEMCPY 1
| #define HAVE_CLOCK 1
| #define HAVE_TIMES 1
| #define HAVE_LIBM 1
| #define GETGROUPS_T gid_t
| #define HAVE_GETGROUPS 1
| #define GETGROUPS_T gid_t
| #define GETGROUPS_T GETGROUPS_T
| #define HAVE_VSNPRINTF 1
| #define HAVE_MKSTEMP 1
| /* end confdefs.h.  */
| #include <zlib.h>
configure:21807: result: no
configure:21841: checking for zlib.h
configure:21848: result: no
configure:22065: result: Not building with perl compatible regex - use --with-pcre to enable
configure:22073: Setting libexecdir to ${exec_prefix}/lib/swish-e
configure:22077: checking config option memdebug for setting MEM_DEBUG
configure:22085: result: no
configure:22092: checking config option memtrace for setting MEM_TRACE
configure:22100: result: no
configure:22107: checking config option memstats for setting MEM_STATISTICS
configure:22115: result: no
configure:22254: creating ./config.status

## ---------------- ##
## Cache variables. ##
## ---------------- ##

ac_cv_build=i386-pc-os2-emx
ac_cv_build_alias=i386-pc-os2-emx
ac_cv_c_compiler_gnu=yes
ac_cv_c_const=yes
ac_cv_cxx_compiler_gnu=yes
ac_cv_env_CC_set=set
ac_cv_env_CC_value=gcc.exe
ac_cv_env_CFLAGS_set=
ac_cv_env_CFLAGS_value=
ac_cv_env_CPPFLAGS_set=
ac_cv_env_CPPFLAGS_value=
ac_cv_env_CPP_set=
ac_cv_env_CPP_value=
ac_cv_env_CXXCPP_set=
ac_cv_env_CXXCPP_value=
ac_cv_env_CXXFLAGS_set=
ac_cv_env_CXXFLAGS_value=
ac_cv_env_CXX_set=
ac_cv_env_CXX_value=
ac_cv_env_F77_set=
ac_cv_env_F77_value=
ac_cv_env_FFLAGS_set=
ac_cv_env_FFLAGS_value=
ac_cv_env_LDFLAGS_set=
ac_cv_env_LDFLAGS_value=
ac_cv_env_build_alias_set=
ac_cv_env_build_alias_value=
ac_cv_env_host_alias_set=
ac_cv_env_host_alias_value=
ac_cv_env_target_alias_set=
ac_cv_env_target_alias_value=
ac_cv_exeext=.exe
ac_cv_f77_compiler_gnu=no
ac_cv_func_BSDgettimeofday=no
ac_cv_func__doprnt=no
ac_cv_func_access=yes
ac_cv_func_alloca_works=yes
ac_cv_func_clock=yes
ac_cv_func_fork=yes
ac_cv_func_fork_works=yes
ac_cv_func_getgroups=yes
ac_cv_func_getgroups_works=yes
ac_cv_func_getrusage=no
ac_cv_func_gettimeofday=yes
ac_cv_func_lstat=yes
ac_cv_func_memcpy=yes
ac_cv_func_mkstemp=yes
ac_cv_func_re_comp=no
ac_cv_func_regcomp=yes
ac_cv_func_setenv=yes
ac_cv_func_strchr=yes
ac_cv_func_strdup=yes
ac_cv_func_strftime=yes
ac_cv_func_strstr=yes
ac_cv_func_times=yes
ac_cv_func_vfork=no
ac_cv_func_vfork_works=no
ac_cv_func_vprintf=yes
ac_cv_func_vsnprintf=yes
ac_cv_header_dirent_dirent_h=yes
ac_cv_header_dlfcn_h=yes
ac_cv_header_inttypes_h=yes
ac_cv_header_memory_h=yes
ac_cv_header_stat_broken=no
ac_cv_header_stdc=yes
ac_cv_header_stdint_h=yes
ac_cv_header_stdlib_h=yes
ac_cv_header_string_h=yes
ac_cv_header_strings_h=yes
ac_cv_header_sys_param_h=yes
ac_cv_header_sys_resource_h=yes
ac_cv_header_sys_stat_h=yes
ac_cv_header_sys_timeb_h=yes
ac_cv_header_sys_types_h=yes
ac_cv_header_sys_wait_h=yes
ac_cv_header_unistd_h=yes
ac_cv_header_vfork_h=no
ac_cv_header_windows_h=no
ac_cv_header_zlib_h=no
ac_cv_host=i386-pc-os2-emx
ac_cv_host_alias=i386-pc-os2-emx
ac_cv_lib_m_log=yes
ac_cv_lib_snprintf_vsnprintf=no
ac_cv_objext=o
ac_cv_path_PERL=/usr/local/bin/perl
ac_cv_path_XML2_CONFIG=no
ac_cv_prog_AWK=awk.exe
ac_cv_prog_CPP='gcc.exe -E'
ac_cv_prog_CXXCPP='g++ -E'
ac_cv_prog_POD2MAN=pod2man
ac_cv_prog_ac_ct_AR=false
ac_cv_prog_ac_ct_CC=gcc.exe
ac_cv_prog_ac_ct_RANLIB=:
ac_cv_prog_ac_ct_STRIP=:
ac_cv_prog_cc_g=yes
ac_cv_prog_cc_stdc=
ac_cv_prog_cxx_g=yes
ac_cv_prog_egrep='grep -E'
ac_cv_prog_f77_g=no
ac_cv_prog_make_make_set=yes
ac_cv_search_opendir='none required'
ac_cv_struct_tm=time.h
ac_cv_sys_interpreter=no
ac_cv_type_getgroups=gid_t
ac_cv_type_pid_t=yes
ac_cv_type_size_t=yes
ac_cv_type_uid_t=yes
ac_cv_working_alloca_h=yes
am_cv_CC_dependencies_compiler_type=none
am_cv_CXX_dependencies_compiler_type=hp
lt_cv_deplibs_check_method=unknown
lt_cv_file_magic_cmd='$MAGIC_CMD'
lt_cv_file_magic_test_file=
lt_cv_ld_reload_flag=-r
lt_cv_objdir=.libs
lt_cv_path_LD=K:/gcc335b4/usr/i386-pc-os2-emx/bin/ld.exe
lt_cv_path_LDCXX=K:/gcc335b4/usr/i386-pc-os2-emx/bin/ld.exe
lt_cv_path_NM='K:\gcc335b4\usr\i386-pc-os2-emx\bin/nm -B'
lt_cv_prog_compiler_c_o=yes
lt_cv_prog_compiler_c_o_CXX=yes
lt_cv_prog_compiler_rtti_exceptions=no
lt_cv_prog_gnu_ld=no
lt_cv_prog_gnu_ldcxx=no
lt_cv_sys_global_symbol_pipe=
lt_cv_sys_global_symbol_to_c_name_address='sed -n -e '\''s/^: \([^ ]*\) $/  {\"\1\", (lt_ptr) 0},/p'\'' -e '\''s/^[BCDEGRST] \([^ ]*\) \([^ ]*\)$/  {"\2", (lt_ptr) \&\2},/p'\'''
lt_cv_sys_global_symbol_to_cdecl=
lt_cv_sys_max_cmd_len=
lt_lt_cv_prog_compiler_c_o='"yes"'
lt_lt_cv_prog_compiler_c_o_CXX='"yes"'
lt_lt_cv_sys_global_symbol_pipe='""'
lt_lt_cv_sys_global_symbol_to_c_name_address='"sed -n -e '\''s/^: \\([^ ]*\\) \$/  {\\\"\\1\\\", (lt_ptr) 0},/p'\'' -e '\''s/^[BCDEGRST] \\([^ ]*\\) \\([^ ]*\\)\$/  {\"\\2\", (lt_ptr) \\&\\2},/p'\''"'
lt_lt_cv_sys_global_symbol_to_cdecl='""'

## ----------------- ##
## Output variables. ##
## ----------------- ##

ACLOCAL='${SHELL} k:/swishsrc/swish-e-2.4.3/config/missing --run aclocal-1.7'
ALLOCA=''
AMDEPBACKSLASH='\'
AMDEP_FALSE='#'
AMDEP_TRUE=''
AMTAR='${SHELL} k:/swishsrc/swish-e-2.4.3/config/missing --run tar'
AR='false'
AUTOCONF='${SHELL} k:/swishsrc/swish-e-2.4.3/config/missing --run autoconf'
AUTOHEADER='${SHELL} k:/swishsrc/swish-e-2.4.3/config/missing --run autoheader'
AUTOMAKE='${SHELL} k:/swishsrc/swish-e-2.4.3/config/missing --run automake-1.7'
AWK='awk.exe'
BTREE_OBJS=''
BUILDDOCS_FALSE='#'
BUILDDOCS_TRUE=''
CC='gcc.exe'
CCDEPMODE='depmode=none'
CFLAGS='-g -O2'
CPP='gcc.exe -E'
CPPFLAGS=''
CXX='g++'
CXXCPP='g++ -E'
CXXDEPMODE='depmode=hp'
CXXFLAGS='-g -O2'
CYGPATH_W='echo'
DEFS='-DHAVE_CONFIG_H'
DEPDIR='.deps'
ECHO='echo'
ECHO_C=''
ECHO_N='-n'
ECHO_T=''
EGREP='grep -E'
EXEEXT='.exe'
F77=''
FFLAGS=''
INSTALL_DATA='${INSTALL} -m 644'
INSTALL_PROGRAM='${INSTALL}'
INSTALL_SCRIPT='${INSTALL}'
INSTALL_STRIP_PROGRAM='${SHELL} $(install_sh) -c -s'
LDFLAGS=''
LIBOBJS=''
LIBS='-lm '
LIBTOOL='$(SHELL) $(top_builddir)/libtool'
LIBXML2_CFLAGS=''
LIBXML2_LIB=''
LIBXML2_OBJS=''
LIBXML_REQUIRED_VERSION='2.4.3'
LN_S='cp -p'
LTLIBOBJS=''
MAINT='#'
MAINTAINER_MODE_FALSE=''
MAINTAINER_MODE_TRUE='#'
MAKEINFO='${SHELL} k:/swishsrc/swish-e-2.4.3/config/missing --run makeinfo'
OBJEXT='o'
PACKAGE='swish-e'
PACKAGE_BUGREPORT=''
PACKAGE_NAME=''
PACKAGE_STRING=''
PACKAGE_TARNAME=''
PACKAGE_VERSION=''
PATH_SEPARATOR=':'
PCRE_CFLAGS=''
PCRE_CONFIG=''
PCRE_LIBS=''
PCRE_REQUIRED_VERSION='3.4'
PERL='/usr/local/bin/perl'
POD2MAN='pod2man'
RANLIB=':'
SET_MAKE=''
SHELL='/usr/bin/sh'
STRIP=':'
VERSION='2.4.3'
XML2_CONFIG='no'
Z_CFLAGS=''
Z_LIBS=''
ac_ct_AR='false'
ac_ct_CC='gcc.exe'
ac_ct_CXX='g++'
ac_ct_F77=''
ac_ct_RANLIB=':'
ac_ct_STRIP=':'
am__fastdepCC_FALSE=''
am__fastdepCC_TRUE='#'
am__fastdepCXX_FALSE=''
am__fastdepCXX_TRUE='#'
am__include='include'
am__leading_dot='.'
am__quote=''
bindir='${exec_prefix}/bin'
build='i386-pc-os2-emx'
build_alias=''
build_cpu='i386'
build_os='os2-emx'
build_vendor='pc'
datadir='${prefix}/share'
exec_prefix='${prefix}'
host='i386-pc-os2-emx'
host_alias=''
host_cpu='i386'
host_os='os2-emx'
host_vendor='pc'
includedir='${prefix}/include'
infodir='${prefix}/info'
install_sh='k:/swishsrc/swish-e-2.4.3/config/install-sh'
libdir='${exec_prefix}/lib'
libexecdir='${exec_prefix}/lib/${PACKAGE}'
localstatedir='${prefix}/var'
mandir='${prefix}/man'
oldincludedir='/usr/include'
prefix='/usr/local'
program_transform_name='s,x,x,'
sbindir='${exec_prefix}/sbin'
sharedstatedir='${prefix}/com'
sysconfdir='${prefix}/etc'
target_alias=''

## ----------- ##
## confdefs.h. ##
## ----------- ##

#define GETGROUPS_T GETGROUPS_T
#define GETGROUPS_T gid_t
#define GETGROUPS_T gid_t
#define HAVE_ACCESS 1
#define HAVE_ALLOCA 1
#define HAVE_ALLOCA_H 1
#define HAVE_CLOCK 1
#define HAVE_DIRENT_H 1
#define HAVE_DLFCN_H 1
#define HAVE_FORK 1
#define HAVE_GETGROUPS 1
#define HAVE_INTTYPES_H 1
#define HAVE_LIBM 1
#define HAVE_LSTAT 1
#define HAVE_MEMCPY 1
#define HAVE_MEMORY_H 1
#define HAVE_MKSTEMP 1
#define HAVE_REGCOMP 1
#define HAVE_SETENV 1
#define HAVE_STDINT_H 1
#define HAVE_STDLIB_H 1
#define HAVE_STDLIB_H 1
#define HAVE_STRCHR 1
#define HAVE_STRDUP 1
#define HAVE_STRFTIME 1
#define HAVE_STRINGS_H 1
#define HAVE_STRING_H 1
#define HAVE_STRING_H 1
#define HAVE_STRSTR 1
#define HAVE_SYS_PARAM_H 1
#define HAVE_SYS_RESOURCE_H 1
#define HAVE_SYS_STAT_H 1
#define HAVE_SYS_TIMEB_H 1
#define HAVE_SYS_TYPES_H 1
#define HAVE_SYS_WAIT_H 1
#define HAVE_TIMES 1
#define HAVE_UNISTD_H 1
#define HAVE_UNISTD_H 1
#define HAVE_UNISTD_H 1
#define HAVE_VPRINTF 1
#define HAVE_VSNPRINTF 1
#define HAVE_WORKING_FORK 1
#define PACKAGE "swish-e"
#define PACKAGE_BUGREPORT ""
#define PACKAGE_NAME ""
#define PACKAGE_STRING ""
#define PACKAGE_TARNAME ""
#define PACKAGE_VERSION ""
#define STDC_HEADERS 1
#define STDC_HEADERS 1
#define VERSION "2.4.3"
#define vfork fork
#endif
#ifdef __cplusplus
extern "C" void std::exit (int) throw (); using std::exit;

configure: exit 0
config.status:723: creating doc/Makefile
config.status:723: creating src/Makefile
config.status:723: creating src/expat/Makefile
config.status:723: creating src/replace/Makefile
config.status:723: creating src/snowball/Makefile
config.status:723: creating rpm/swish-e.spec
config.status:723: creating tests/Makefile
config.status:723: creating example/Makefile
config.status:723: creating prog-bin/Makefile
config.status:723: creating filters/Makefile
config.status:723: creating filters/SWISH/Makefile
config.status:723: creating conf/Makefile
config.status:723: creating filter-bin/Makefile
config.status:723: creating swish-e.pc
config.status:723: creating swish-config
config.status:784: creating src/acconfig.h
config.status:1149: executing depfiles commands
